<?xml version="1.0" encoding="UTF-8"?>
<!-- Generated by org.testng.reporters.JUnitXMLReporter -->
<testsuite hostname="DESKTOP-4MFQ21B" ignored="0" name="Default test" tests="5" failures="0" timestamp="28 Jul 2020 15:04:33 GMT" time="12.176" errors="0">
  <testcase name="createUsersAPIPOSTTest" time="3.639" classname="com.api.gorest.test.CreateUsersTest"/>
  <testcase name="createUsersAPIPOSTTest" time="1.731" classname="com.api.gorest.test.CreateUsersTest"/>
  <testcase name="createUsersAPIPOSTTest" time="2.323" classname="com.api.gorest.test.CreateUsersTest"/>
  <testcase name="createUsersAPIPOSTTest" time="1.869" classname="com.api.gorest.test.CreateUsersTest"/>
  <testcase name="createUsersAPIPOSTTest" time="1.788" classname="com.api.gorest.test.CreateUsersTest"/>
</testsuite> <!-- Default test -->
